{
  "RSpec": {
    "coverage": {
      "/Users/mateus/development/challenges/robot_challenge/toy_robot/spec/domain/position_spec.rb": {
        "lines": [
          null,
          null,
          1,
          null,
          1,
          1,
          1,
          1,
          null,
          null,
          null,
          1,
          1,
          1,
          1,
          null,
          null,
          null,
          1,
          1,
          1,
          null,
          null,
          null,
          null
        ]
      },
      "/Users/mateus/development/challenges/robot_challenge/toy_robot/src/domain/position.rb": {
        "lines": [
          null,
          null,
          1,
          1,
          24,
          24,
          null,
          null,
          1,
          null,
          1,
          20,
          null,
          null,
          1,
          24,
          14,
          null,
          null
        ]
      },
      "/Users/mateus/development/challenges/robot_challenge/toy_robot/spec/domain/robot_spec.rb": {
        "lines": [
          null,
          null,
          1,
          1,
          null,
          1,
          1,
          null,
          2,
          3,
          6,
          null,
          1,
          1,
          1,
          2,
          null,
          null,
          null,
          null,
          null,
          1,
          1,
          1,
          1,
          null,
          null,
          null,
          null,
          1,
          1,
          1,
          1,
          null,
          null,
          2,
          null,
          null,
          1,
          1,
          1,
          1,
          1,
          1,
          null,
          null,
          null,
          1,
          1,
          1,
          1,
          null,
          null,
          null,
          null
        ]
      },
      "/Users/mateus/development/challenges/robot_challenge/toy_robot/src/util/custom_exceptions.rb": {
        "lines": [
          null,
          null,
          1,
          1,
          1,
          3,
          null,
          null,
          null,
          1,
          1,
          2,
          null,
          null,
          null,
          1,
          1,
          1,
          null,
          null,
          null,
          1,
          1,
          1,
          null,
          null,
          null,
          1,
          1,
          2,
          null,
          null,
          null
        ]
      },
      "/Users/mateus/development/challenges/robot_challenge/toy_robot/src/domain/robot.rb": {
        "lines": [
          null,
          null,
          1,
          1,
          1,
          null,
          1,
          1,
          1,
          null,
          1,
          31,
          31,
          null,
          null,
          1,
          1,
          null,
          1,
          36,
          null,
          34,
          null,
          null,
          1,
          4,
          null,
          3,
          null,
          null,
          1,
          10,
          null,
          null,
          1,
          null,
          1,
          36,
          null,
          2,
          null,
          null
        ]
      },
      "/Users/mateus/development/challenges/robot_challenge/toy_robot/src/util/valid_directions.rb": {
        "lines": [
          null,
          null,
          1,
          1,
          null,
          null,
          null,
          null,
          null,
          1,
          null
        ]
      },
      "/Users/mateus/development/challenges/robot_challenge/toy_robot/spec/domain/table_spec.rb": {
        "lines": [
          null,
          null,
          1,
          1,
          null,
          1,
          3,
          3,
          3,
          null,
          1,
          1,
          2,
          1,
          1,
          null,
          null,
          null,
          1,
          2,
          null,
          1,
          1,
          null,
          null,
          null,
          null
        ]
      },
      "/Users/mateus/development/challenges/robot_challenge/toy_robot/src/domain/table.rb": {
        "lines": [
          null,
          null,
          1,
          1,
          28,
          28,
          null,
          null,
          1,
          13,
          null,
          null,
          null,
          1,
          null,
          1,
          null
        ]
      },
      "/Users/mateus/development/challenges/robot_challenge/toy_robot/spec/main_spec.rb": {
        "lines": [
          null,
          null,
          1,
          1,
          1,
          null,
          1,
          8,
          8,
          1,
          1,
          1,
          null,
          null,
          null,
          null,
          null,
          1,
          1,
          1,
          1,
          null,
          null,
          null,
          1,
          1,
          1,
          null,
          null,
          null,
          null,
          null,
          null,
          1,
          1,
          1,
          null,
          null,
          1,
          1,
          1,
          null,
          null,
          null,
          null,
          null,
          null,
          null,
          1,
          1,
          1,
          null,
          null,
          null,
          1,
          1,
          1,
          null,
          null,
          null,
          null,
          null,
          null,
          1,
          1,
          1,
          null,
          null,
          null,
          1,
          1,
          1,
          null,
          null,
          null,
          null,
          null,
          1,
          1,
          1,
          null,
          null,
          null,
          1,
          1,
          1,
          null,
          null,
          null,
          null,
          null,
          null,
          1,
          1,
          1,
          null,
          null,
          null,
          1,
          1,
          1,
          null,
          null,
          null,
          null,
          null,
          1,
          1,
          1,
          null,
          null,
          null,
          null
        ]
      },
      "/Users/mateus/development/challenges/robot_challenge/toy_robot/src/toy_robot_game.rb": {
        "lines": [
          null,
          null,
          1,
          1,
          1,
          1,
          1,
          2,
          2,
          2,
          null,
          null,
          1,
          null,
          1,
          2,
          null,
          1,
          null,
          null,
          1,
          null,
          1,
          null
        ]
      },
      "/Users/mateus/development/challenges/robot_challenge/toy_robot/src/services/commands/processor.rb": {
        "lines": [
          null,
          null,
          1,
          1,
          1,
          1,
          1,
          1,
          1,
          1,
          null,
          1,
          6,
          6,
          null,
          null,
          null,
          1,
          null,
          null,
          null,
          null,
          null,
          null,
          1,
          6,
          null,
          6,
          4,
          null,
          3,
          null,
          null,
          null,
          null,
          null,
          1,
          null,
          1,
          null,
          1,
          2,
          null,
          null,
          1,
          6,
          null,
          null,
          null
        ]
      },
      "/Users/mateus/development/challenges/robot_challenge/toy_robot/src/services/commands/move.rb": {
        "lines": [
          null,
          null,
          1,
          1,
          1,
          1,
          1,
          1,
          1,
          null,
          1,
          6,
          6,
          null,
          6,
          null,
          1,
          null,
          null,
          1,
          null,
          1,
          6,
          6,
          6,
          null,
          null,
          1,
          6,
          null,
          3,
          null,
          1,
          null,
          1,
          null,
          1,
          null,
          null,
          null,
          1,
          1,
          null,
          null,
          null
        ]
      },
      "/Users/mateus/development/challenges/robot_challenge/toy_robot/src/services/commands/base.rb": {
        "lines": [
          null,
          null,
          1,
          1,
          1,
          23,
          23,
          null,
          null,
          1,
          1,
          null,
          null,
          1,
          14,
          null,
          null,
          null,
          null
        ]
      },
      "/Users/mateus/development/challenges/robot_challenge/toy_robot/src/services/commands/place.rb": {
        "lines": [
          null,
          null,
          1,
          1,
          1,
          1,
          1,
          null,
          1,
          6,
          6,
          6,
          null,
          4,
          4,
          null,
          null,
          1,
          null,
          1,
          6,
          6,
          null,
          null,
          1,
          6,
          5,
          null,
          null,
          1,
          6,
          null,
          null,
          1,
          5,
          null,
          null,
          null
        ]
      },
      "/Users/mateus/development/challenges/robot_challenge/toy_robot/src/services/commands/report.rb": {
        "lines": [
          null,
          null,
          1,
          null,
          1,
          1,
          1,
          2,
          null,
          null,
          null
        ]
      },
      "/Users/mateus/development/challenges/robot_challenge/toy_robot/src/services/commands/rotate.rb": {
        "lines": [
          null,
          null,
          1,
          1,
          1,
          1,
          1,
          1,
          1,
          null,
          1,
          null,
          1,
          5,
          null,
          null,
          4,
          4,
          4,
          4,
          null,
          null,
          null
        ]
      },
      "/Users/mateus/development/challenges/robot_challenge/toy_robot/spec/services/commands/base_spec.rb": {
        "lines": [
          null,
          null,
          1,
          1,
          1,
          1,
          null,
          1,
          5,
          5,
          5,
          null,
          1,
          1,
          2,
          null,
          null,
          null,
          1,
          1,
          1,
          1,
          1,
          null,
          null,
          1,
          1,
          null,
          null,
          1,
          1,
          1,
          1,
          null,
          null,
          null
        ]
      },
      "/Users/mateus/development/challenges/robot_challenge/toy_robot/spec/services/commands/move_spec.rb": {
        "lines": [
          null,
          null,
          1,
          1,
          1,
          null,
          1,
          7,
          7,
          7,
          null,
          1,
          7,
          null,
          1,
          2,
          null,
          1,
          4,
          null,
          null,
          null,
          1,
          2,
          null,
          1,
          2,
          null,
          null,
          null,
          1,
          1,
          1,
          1,
          null,
          null,
          1,
          4,
          null,
          null,
          null,
          1,
          1,
          1,
          1,
          null,
          null,
          1,
          4,
          null,
          null,
          null,
          1,
          1,
          1,
          1,
          null,
          null,
          1,
          4,
          null,
          null,
          null,
          1,
          1,
          1,
          1,
          null,
          null,
          1,
          4,
          null,
          null,
          null,
          null
        ]
      },
      "/Users/mateus/development/challenges/robot_challenge/toy_robot/spec/services/commands/place_spec.rb": {
        "lines": [
          null,
          null,
          1,
          1,
          1,
          1,
          null,
          1,
          6,
          6,
          6,
          null,
          1,
          6,
          null,
          1,
          1,
          2,
          null,
          null,
          null,
          1,
          1,
          2,
          null,
          null,
          null,
          1,
          1,
          2,
          null,
          null,
          1,
          1,
          1,
          null,
          1,
          null,
          null,
          null,
          1,
          1,
          2,
          null,
          null,
          null,
          null
        ]
      },
      "/Users/mateus/development/challenges/robot_challenge/toy_robot/spec/services/commands/processor_spec.rb": {
        "lines": [
          null,
          null,
          1,
          1,
          1,
          null,
          1,
          5,
          5,
          5,
          null,
          1,
          1,
          4,
          4,
          null,
          null,
          1,
          2,
          null,
          1,
          2,
          null,
          null,
          null,
          1,
          2,
          null,
          1,
          1,
          2,
          null,
          null,
          null,
          1,
          3,
          null,
          1,
          2,
          null,
          null,
          1,
          1,
          4,
          null,
          null,
          null,
          null
        ]
      },
      "/Users/mateus/development/challenges/robot_challenge/toy_robot/spec/services/commands/report_spec.rb": {
        "lines": [
          null,
          null,
          1,
          1,
          1,
          1,
          null,
          1,
          3,
          3,
          3,
          null,
          1,
          1,
          1,
          2,
          null,
          null,
          null,
          1,
          1,
          1,
          1,
          2,
          null,
          null,
          null,
          null
        ]
      },
      "/Users/mateus/development/challenges/robot_challenge/toy_robot/spec/services/commands/rotate_spec.rb": {
        "lines": [
          null,
          null,
          1,
          1,
          1,
          null,
          1,
          4,
          4,
          4,
          null,
          1,
          4,
          null,
          1,
          2,
          null,
          1,
          2,
          null,
          null,
          null,
          1,
          1,
          4,
          null,
          null,
          null,
          1,
          1,
          4,
          null,
          null,
          null,
          null
        ]
      },
      "/Users/mateus/development/challenges/robot_challenge/toy_robot/spec/toy_robot_game_spec.rb": {
        "lines": [
          null,
          null,
          1,
          1,
          1,
          null,
          1,
          1,
          3,
          3,
          3,
          null,
          1,
          1,
          1,
          1,
          null,
          2,
          null,
          1,
          null,
          null,
          null,
          1,
          1,
          1,
          1,
          2,
          null,
          1,
          null,
          null,
          null,
          null
        ]
      }
    },
    "timestamp": 1693285639
  }
}
